12:59:00.563 [main] INFO  pageObjects.LandingPage - car loan tab clicked
12:59:00.587 [main] INFO  pageObjects.BasePage - Car Loan Tab is Clickable
12:59:02.585 [main] INFO  pageObjects.BasePage - *** Starting TC_001_CarLoanTest :carLoanTest ***
12:59:02.659 [main] INFO  pageObjects.LandingPage - car loan tab clicked
12:59:02.971 [main] INFO  pageObjects.LandingPage - Loan Ammount setting done
12:59:03.219 [main] INFO  pageObjects.LandingPage - Loan Interest setting done
12:59:03.511 [main] INFO  pageObjects.LandingPage - Loan Tenure setting done
12:59:06.588 [main] INFO  pageObjects.LandingPage - Emi Ammount got successfully 
12:59:06.617 [main] INFO  pageObjects.LandingPage - Total Interest Value got successfully
12:59:06.646 [main] INFO  pageObjects.LandingPage - Total Payment Value got successfully
12:59:06.646 [main] INFO  pageObjects.BasePage - validation Checked Successfully
12:59:06.652 [main] INFO  pageObjects.LandingPage - Yearly Data extraction From Table failed
12:59:08.816 [main] INFO  pageObjects.LandingPage - Year Table Expanded
12:59:08.820 [main] INFO  pageObjects.LandingPage - Monthly Data extraction From Table failed
12:59:08.821 [main] ERROR pageObjects.BasePage - TC_001_CarLoanTest :carLoanTest Failed due to java.lang.NullPointerException: Cannot invoke "java.util.List.get(int)" because "this.list1" is null
12:59:09.818 [main] INFO  pageObjects.BasePage - *** Starting TC_002_HomeLoanDDT :homeLoanTest ***
12:59:09.931 [main] INFO  pageObjects.LandingPage - home loan tab clicked
12:59:10.320 [main] INFO  pageObjects.LandingPage - Loan Ammount setting done
12:59:10.442 [main] INFO  pageObjects.LandingPage - Loan Interest setting done
12:59:10.742 [main] INFO  pageObjects.LandingPage - Loan Tenure setting done
12:59:13.818 [main] INFO  pageObjects.LandingPage - Emi Ammount got successfully 
12:59:13.847 [main] INFO  pageObjects.LandingPage - Total Interest Value got successfully
12:59:13.873 [main] INFO  pageObjects.LandingPage - Total Payment Value got successfully
12:59:13.873 [main] INFO  pageObjects.BasePage - validation Checked Successfully
12:59:13.876 [main] INFO  pageObjects.LandingPage - Yearly Data extraction From Table failed
12:59:16.053 [main] INFO  pageObjects.LandingPage - Year Table Expanded
12:59:16.060 [main] INFO  pageObjects.LandingPage - Monthly Data extraction From Table failed
12:59:19.065 [main] INFO  pageObjects.BasePage - *** Finishing TC_002_HomeLoanDDT :homeLoanTest ***
12:59:19.263 [main] INFO  pageObjects.BasePage - *** Starting TC_002_HomeLoanDDT :homeLoanTest ***
12:59:19.343 [main] INFO  pageObjects.LandingPage - home loan tab clicked
12:59:19.590 [main] INFO  pageObjects.LandingPage - Loan Ammount setting done
12:59:19.728 [main] INFO  pageObjects.LandingPage - Loan Interest setting done
12:59:20.167 [main] INFO  pageObjects.LandingPage - Loan Tenure setting done
12:59:23.278 [main] INFO  pageObjects.LandingPage - Emi Ammount got successfully 
12:59:23.279 [main] INFO  pageObjects.BasePage - validation Checking Failed
12:59:23.522 [main] INFO  pageObjects.BasePage - *** Starting TC_002_HomeLoanDDT :homeLoanTest ***
12:59:23.616 [main] INFO  pageObjects.LandingPage - home loan tab clicked
12:59:23.940 [main] INFO  pageObjects.LandingPage - Loan Ammount setting done
12:59:24.227 [main] INFO  pageObjects.LandingPage - Loan Interest setting done
12:59:24.644 [main] INFO  pageObjects.LandingPage - Loan Tenure setting done
12:59:27.760 [main] INFO  pageObjects.LandingPage - Emi Ammount got successfully 
12:59:27.760 [main] INFO  pageObjects.BasePage - validation Checking Failed
12:59:27.978 [main] INFO  pageObjects.BasePage - *** Starting TC_006_LoanCalculatorYearMonthTentureValidationTest :isNavigatedToLoanCalculator ***
12:59:28.087 [main] INFO  pageObjects.LandingPage - MenuItem Calculator clicked
12:59:31.537 [main] INFO  pageObjects.LandingPage - Loan Calculator clicked
12:59:36.585 [main] INFO  pageObjects.BasePage - Page title matched
12:59:37.111 [main] INFO  pageObjects.BasePage - *** Starting TC_006_LoanCalculatorYearMonthTentureValidationTest :yearMonthBtnTesting ***
12:59:39.486 [main] INFO  pageObjects.LoanCalculatorPage - Loan Tenure Input setted successfully
12:59:41.597 [main] INFO  pageObjects.BasePage - Month to Year Value Changing is correct
12:59:41.828 [main] INFO  pageObjects.BasePage - *** Starting TC_006_LoanCalculatorYearMonthTentureValidationTest :yearMonthBtnTesting ***
12:59:44.183 [main] INFO  pageObjects.LoanCalculatorPage - Loan Tenure Input setted successfully
12:59:46.304 [main] INFO  pageObjects.BasePage - Month to Year Value Changing is not correct
12:59:46.926 [main] INFO  pageObjects.BasePage - *** Starting TC_003_LoanCalculatorDDT :LoanCalculatorTest ***
12:59:47.082 [main] INFO  pageObjects.LandingPage - MenuItem Calculator clicked
12:59:48.917 [main] INFO  pageObjects.LandingPage - Loan Calculator clicked
12:59:54.174 [main] INFO  pageObjects.LoanCalculatorPage - Loan Ammount Input setted successfully
